Added Component: Designator=*1(TACTILE SWITCH)
Added Component: Designator=*2(TACTILE SWITCH)
Added Component: Designator=*3(RELAY IMC03GR SMD)
Added Component: Designator=C1(CAP-0603-GEN)
Added Component: Designator=C2(CAP-0603-GEN)
Added Component: Designator=C3(CAP-0603-GEN)
Added Component: Designator=C4(CAP-0603-GEN)
Added Component: Designator=C5(CAP-0603-GEN)
Added Component: Designator=D1(DIODE 0603)
Added Component: Designator=IC1(ESP8266 ESP-12-E)
Added Component: Designator=J1(PINHEADER 1x6 2.54)
Added Component: Designator=J2(Screw terminal 5mm)
Added Component: Designator=Q1(SOT23-3)
Added Component: Designator=R1(RESISTOR 0603)
Added Component: Designator=R2(RESISTOR 0603)
Added Component: Designator=R3(RESISTOR 0603)
Added Component: Designator=R4(RESISTOR 0603)
Added Component: Designator=R5(RESISTOR 0603)
Added Component: Designator=R6(RESISTOR 0603)
Added Component: Designator=U1(SOT23-5)
Added Component: Designator=USB1(USB MICRO-B)
Added Pin To Net: NetName=GND Pin=*1-1
Added Pin To Net: NetName=GND Pin=*1-1
Added Pin To Net: NetName=Net*1_2 Pin=*1-2
Added Pin To Net: NetName=Net*1_2 Pin=*1-2
Added Pin To Net: NetName=GPIO0 Pin=*2-1
Added Pin To Net: NetName=GPIO0 Pin=*2-1
Added Pin To Net: NetName=GND Pin=*2-2
Added Pin To Net: NetName=GND Pin=*2-2
Added Pin To Net: NetName=RELAY Pin=*3-1
Added Pin To Net: NetName=BUZZER_GND Pin=*3-3
Added Pin To Net: NetName=BUZZER_SIGNAL Pin=*3-5
Added Pin To Net: NetName=5V Pin=*3-8
Added Pin To Net: NetName=GND Pin=C1-1
Added Pin To Net: NetName=5V Pin=C1-2
Added Pin To Net: NetName=Net*1_2 Pin=C2-1
Added Pin To Net: NetName=DTR Pin=C2-2
Added Pin To Net: NetName=GND Pin=C3-1
Added Pin To Net: NetName=3V3 Pin=C3-2
Added Pin To Net: NetName=GND Pin=C4-1
Added Pin To Net: NetName=NetC4_2 Pin=C4-2
Added Pin To Net: NetName=GND Pin=C5-1
Added Pin To Net: NetName=3V3 Pin=C5-2
Added Pin To Net: NetName=RELAY Pin=D1-1
Added Pin To Net: NetName=5V Pin=D1-2
Added Pin To Net: NetName=Net*1_2 Pin=IC1-1
Added Pin To Net: NetName=GND Pin=IC1-8
Added Pin To Net: NetName=GND Pin=IC1-15
Added Pin To Net: NetName=GPIO0 Pin=IC1-18
Added Pin To Net: NetName=RELAY_SIGNAL Pin=IC1-19
Added Pin To Net: NetName=TX Pin=IC1-21
Added Pin To Net: NetName=RX Pin=IC1-22
Added Pin To Net: NetName=GND Pin=J1-1
Added Pin To Net: NetName=GND Pin=J1-2
Added Pin To Net: NetName=3V3 Pin=J1-3
Added Pin To Net: NetName=TX Pin=J1-4
Added Pin To Net: NetName=RX Pin=J1-5
Added Pin To Net: NetName=DTR Pin=J1-6
Added Pin To Net: NetName=BUZZER_GND Pin=J2-1
Added Pin To Net: NetName=BUZZER_SIGNAL Pin=J2-2
Added Pin To Net: NetName=NetQ1_1 Pin=Q1-1
Added Pin To Net: NetName=GND Pin=Q1-2
Added Pin To Net: NetName=RELAY Pin=Q1-3
Added Pin To Net: NetName=Net*1_2 Pin=R1-1
Added Pin To Net: NetName=3V3 Pin=R1-2
Added Pin To Net: NetName=3V3 Pin=R2-1
Added Pin To Net: NetName=GPIO0 Pin=R3-1
Added Pin To Net: NetName=3V3 Pin=R3-2
Added Pin To Net: NetName=3V3 Pin=R4-2
Added Pin To Net: NetName=GND Pin=R5-2
Added Pin To Net: NetName=RELAY_SIGNAL Pin=R6-1
Added Pin To Net: NetName=NetQ1_1 Pin=R6-2
Added Pin To Net: NetName=5V Pin=U1-1
Added Pin To Net: NetName=GND Pin=U1-2
Added Pin To Net: NetName=5V Pin=U1-3
Added Pin To Net: NetName=NetC4_2 Pin=U1-4
Added Pin To Net: NetName=3V3 Pin=U1-5
Added Pin To Net: NetName=5V Pin=USB1-1
Added Pin To Net: NetName=GND Pin=USB1-5
Added Pin To Net: NetName=NetIC1_3 Pin=IC1-3
Added Pin To Net: NetName=NetIC1_3 Pin=R2-2
Added Net: Name=NetIC1_3
Added Pin To Net: NetName=NetIC1_16 Pin=IC1-16
Added Pin To Net: NetName=NetIC1_16 Pin=R5-1
Added Net: Name=NetIC1_16
Added Pin To Net: NetName=NetIC1_17 Pin=IC1-17
Added Pin To Net: NetName=NetIC1_17 Pin=R4-1
Added Net: Name=NetIC1_17
Added Member To Class: ClassName=buzzer Member=Component *1 Push button
Added Member To Class: ClassName=buzzer Member=Component *2 Push button
Added Member To Class: ClassName=buzzer Member=Component *3 Relay
Added Member To Class: ClassName=buzzer Member=Component C1 100nF
Added Member To Class: ClassName=buzzer Member=Component C2 100nF
Added Member To Class: ClassName=buzzer Member=Component C3 22uF
Added Member To Class: ClassName=buzzer Member=Component C4 10nF
Added Member To Class: ClassName=buzzer Member=Component C5 100uF
Added Member To Class: ClassName=buzzer Member=Component D1 Diode
Added Member To Class: ClassName=buzzer Member=Component IC1 ESP8266 ESP-12-E
Added Member To Class: ClassName=buzzer Member=Component J1 Connector 1x6
Added Member To Class: ClassName=buzzer Member=Component J2 Connector 1x2
Added Member To Class: ClassName=buzzer Member=Component Q1 
Added Member To Class: ClassName=buzzer Member=Component R1 10K
Added Member To Class: ClassName=buzzer Member=Component R2 10K
Added Member To Class: ClassName=buzzer Member=Component R3 10K
Added Member To Class: ClassName=buzzer Member=Component R4 10K
Added Member To Class: ClassName=buzzer Member=Component R5 10K
Added Member To Class: ClassName=buzzer Member=Component R6 1K
Added Member To Class: ClassName=buzzer Member=Component U1 5V
Added Member To Class: ClassName=buzzer Member=Component USB1 USB connector
